2023/08/04 15:17:39 {"callers":["/Users/mac/go/src/blog-service/main.go: 25 main.init.0"],"level":"info","message":"eddycjy: go-programming-tour-book/blog-service","time":1691133459963763000}
2023/08/04 15:17:43 {"callers":["/Users/mac/go/src/blog-service/main.go: 25 main.init.0"],"level":"fatal","message":"app.BindAndValid errs: Name为必填字段","time":1691133463142073000}
2023/08/04 15:19:16 {"callers":["/Users/mac/go/src/blog-service/main.go: 25 main.init.0"],"level":"fatal","message":"app.BindAndValid errs: Name为必填字段","time":1691133556038646000}
2023/08/04 15:19:53 {"callers":["/Users/mac/go/src/blog-service/main.go: 25 main.init.0"],"level":"fatal","message":"app.BindAndValid errs: Name为必填字段","time":1691133593177126000}
2023/08/04 15:23:16 {"callers":["/Users/mac/go/src/blog-service/main.go: 25 main.init.0"],"level":"error","message":"app.BindAndValid errs: Name为必填字段","time":1691133796148842000}
2023/08/04 15:31:10 {"callers":["/Users/mac/go/src/blog-service/pkg/logger/logger.go: 79 blog-service/pkg/logger.(*Logger).WithCaller"],"level":"error","message":"app.BindAndValid errs: Name为必填字段","time":1691134270166270000}
2023/08/04 15:31:57 {"callers":["/Users/mac/go/src/blog-service/main.go: 86 main.setupLogger"],"level":"error","message":"app.BindAndValid errs: Name为必填字段","time":1691134317967092000}
2023/08/04 15:32:34 {"callers":["/Users/mac/go/src/blog-service/main.go: 25 main.init.0"],"level":"error","message":"app.BindAndValid errs: Name为必填字段","time":1691134354923362000}
2023/08/04 15:46:27 {"callers":["/Users/mac/go/src/blog-service/main.go: 25 main.init.0"],"level":"error","message":"app.BindAndValid errs: Name为必填字段","time":1691135187821195000}
2023/08/04 15:47:48 {"callers":["/Users/mac/go/src/blog-service/main.go: 25 main.init.0"],"level":"error","message":"app.BindAndValid errs: Name为必填字段","time":1691135268429929000}
2023/08/04 15:52:31 {"callers":["/Users/mac/go/src/blog-service/main.go: 25 main.init.0"],"level":"error","message":"app.BindAndValid errs: Name为必填字段","time":1691135551019166000}
2023/08/04 15:55:49 {"callers":["/Users/mac/go/src/blog-service/main.go: 25 main.init.0"],"level":"error","message":"app.BindAndValid errs: Name为必填字段","time":1691135749326098000}
2023/08/04 15:59:38 {"callers":["/Users/mac/go/src/blog-service/main.go: 25 main.init.0"],"level":"error","message":"app.BindAndValid errs: Name为必填字段","time":1691135978230591000}
2023/08/07 11:48:08 {"callers":["/Users/mac/go/src/blog-service/main.go: 25 main.init.0"],"level":"error","message":"svc.CreateTag err: Error 1054 (42S22): Unknown column 'created_at' in 'field list'","time":1691380088349994000}
2023/08/07 15:06:07 {"callers":["/Users/mac/go/src/blog-service/main.go: 25 main.init.0"],"level":"error","message":"app.BindAndValid errs: ","time":1691391967624709000}
2023/08/07 15:08:57 {"callers":["/Users/mac/go/src/blog-service/main.go: 25 main.init.0"],"level":"error","message":"app.BindAndValid errs: ","time":1691392137185760000}
2023/08/07 15:11:12 {"callers":["/Users/mac/go/src/blog-service/main.go: 25 main.init.0"],"level":"error","message":"app.BindAndValid errs: ","time":1691392272396021000}
2023/08/07 15:11:34 {"callers":["/Users/mac/go/src/blog-service/main.go: 25 main.init.0"],"level":"error","message":"app.BindAndValid errs: ","time":1691392294309202000}
2023/08/07 15:11:54 {"callers":["/Users/mac/go/src/blog-service/main.go: 25 main.init.0"],"level":"error","message":"app.BindAndValid errs: ","time":1691392314230709000}
2023/08/07 15:15:25 {"callers":["/Users/mac/go/src/blog-service/main.go: 25 main.init.0"],"level":"error","message":"app.BindAndValid errs: ","time":1691392525952668000}
2023/08/07 15:15:45 {"callers":["/Users/mac/go/src/blog-service/main.go: 25 main.init.0"],"level":"error","message":"app.BindAndValid errs: ","time":1691392545615810000}
2023/08/07 15:18:04 {"callers":["/Users/mac/go/src/blog-service/main.go: 25 main.init.0"],"level":"error","message":"app.BindAndValid errs: ","time":1691392684230380000}
2023/08/07 15:19:19 {"callers":["/Users/mac/go/src/blog-service/main.go: 25 main.init.0"],"level":"error","message":"app.BindAndValid errs: ","time":1691392759153582000}
2023/08/07 15:19:28 {"callers":["/Users/mac/go/src/blog-service/main.go: 25 main.init.0"],"level":"error","message":"app.BindAndValid errs: ","time":1691392768472477000}
2023/08/07 15:25:56 {"callers":["/Users/mac/go/src/blog-service/main.go: 25 main.init.0"],"level":"error","message":"app.BindAndValid errs: ","time":1691393156443537000}
2023/08/07 15:26:25 {"callers":["/Users/mac/go/src/blog-service/main.go: 25 main.init.0"],"level":"error","message":"app.BindAndValid errs: ","time":1691393185455940000}
2023/08/07 15:27:18 {"callers":["/Users/mac/go/src/blog-service/main.go: 25 main.init.0"],"level":"error","message":"app.BindAndValid errs: ","time":1691393238272418000}
2023/08/07 15:27:42 {"callers":["/Users/mac/go/src/blog-service/main.go: 25 main.init.0"],"level":"error","message":"app.BindAndValid errs: ","time":1691393262271396000}
2023/08/07 15:28:40 {"callers":["/Users/mac/go/src/blog-service/main.go: 25 main.init.0"],"level":"error","message":"app.BindAndValid errs: ","time":1691393320814376000}
2023/08/07 15:34:54 {"callers":["/Users/mac/go/src/blog-service/main.go: 25 main.init.0"],"level":"error","message":"app.BindAndValid errs: Name为必填字段","time":1691393694521919000}
2023/08/07 15:35:35 {"callers":["/Users/mac/go/src/blog-service/main.go: 25 main.init.0"],"level":"error","message":"app.BindAndValid errs: Name为必填字段","time":1691393735091394000}
2023/08/07 15:35:36 {"callers":["/Users/mac/go/src/blog-service/main.go: 25 main.init.0"],"level":"error","message":"app.BindAndValid errs: Name为必填字段","time":1691393736708402000}
2023/08/07 15:35:38 {"callers":["/Users/mac/go/src/blog-service/main.go: 25 main.init.0"],"level":"error","message":"app.BindAndValid errs: Name为必填字段","time":1691393738291885000}
2023/08/07 15:35:56 {"callers":["/Users/mac/go/src/blog-service/main.go: 25 main.init.0"],"level":"error","message":"app.BindAndValid errs: Name为必填字段","time":1691393756155325000}
2023/08/07 15:36:17 {"callers":["/Users/mac/go/src/blog-service/main.go: 25 main.init.0"],"level":"error","message":"app.BindAndValid errs: Name为必填字段","time":1691393777743231000}
2023/08/07 15:37:13 {"callers":["/Users/mac/go/src/blog-service/main.go: 25 main.init.0"],"level":"error","message":"app.BindAndValid errs: Name为必填字段","time":1691393833674017000}
2023/08/07 15:37:17 {"callers":["/Users/mac/go/src/blog-service/main.go: 25 main.init.0"],"level":"error","message":"app.BindAndValid errs: Name为必填字段","time":1691393837837913000}
2023/08/07 15:37:19 {"callers":["/Users/mac/go/src/blog-service/main.go: 25 main.init.0"],"level":"error","message":"app.BindAndValid errs: Name为必填字段","time":1691393839505643000}
2023/08/07 15:37:22 {"callers":["/Users/mac/go/src/blog-service/main.go: 25 main.init.0"],"level":"error","message":"app.BindAndValid errs: Name为必填字段","time":1691393842036697000}
2023/08/07 15:37:23 {"callers":["/Users/mac/go/src/blog-service/main.go: 25 main.init.0"],"level":"error","message":"app.BindAndValid errs: Name为必填字段","time":1691393843728009000}
2023/08/07 15:37:46 {"callers":["/Users/mac/go/src/blog-service/main.go: 25 main.init.0"],"level":"error","message":"app.BindAndValid errs: Name为必填字段","time":1691393866315816000}
2023/08/07 15:37:48 {"callers":["/Users/mac/go/src/blog-service/main.go: 25 main.init.0"],"level":"error","message":"app.BindAndValid errs: Name为必填字段","time":1691393868083074000}
2023/08/07 15:37:49 {"callers":["/Users/mac/go/src/blog-service/main.go: 25 main.init.0"],"level":"error","message":"app.BindAndValid errs: Name为必填字段","time":1691393869578975000}
2023/08/07 15:38:05 {"callers":["/Users/mac/go/src/blog-service/main.go: 25 main.init.0"],"level":"error","message":"app.BindAndValid errs: Name为必填字段","time":1691393885631619000}
2023/08/07 15:38:30 {"callers":["/Users/mac/go/src/blog-service/main.go: 25 main.init.0"],"level":"error","message":"app.BindAndValid errs: Name为必填字段","time":1691393910639572000}
2023/08/07 15:38:33 {"callers":["/Users/mac/go/src/blog-service/main.go: 25 main.init.0"],"level":"error","message":"app.BindAndValid errs: Name为必填字段","time":1691393913472912000}
2023/08/07 15:38:50 {"callers":["/Users/mac/go/src/blog-service/main.go: 25 main.init.0"],"level":"error","message":"app.BindAndValid errs: Name为必填字段","time":1691393930290459000}
2023/08/07 15:38:51 {"callers":["/Users/mac/go/src/blog-service/main.go: 25 main.init.0"],"level":"error","message":"app.BindAndValid errs: Name为必填字段","time":1691393931680783000}
2023/08/07 15:40:19 {"callers":["/Users/mac/go/src/blog-service/main.go: 25 main.init.0"],"level":"error","message":"app.BindAndValid errs: Name为必填字段","time":1691394019783951000}
2023/08/07 15:40:38 {"callers":["/Users/mac/go/src/blog-service/main.go: 25 main.init.0"],"level":"error","message":"app.BindAndValid errs: Name为必填字段","time":1691394038248693000}
2023/08/07 15:40:39 {"callers":["/Users/mac/go/src/blog-service/main.go: 25 main.init.0"],"level":"error","message":"app.BindAndValid errs: Name为必填字段","time":1691394039834273000}
2023/08/07 15:40:41 {"callers":["/Users/mac/go/src/blog-service/main.go: 25 main.init.0"],"level":"error","message":"app.BindAndValid errs: Name为必填字段","time":1691394041318152000}
2023/08/07 15:40:44 {"callers":["/Users/mac/go/src/blog-service/main.go: 25 main.init.0"],"level":"error","message":"app.BindAndValid errs: Name为必填字段","time":1691394044277412000}
2023/08/07 15:40:53 {"callers":["/Users/mac/go/src/blog-service/main.go: 25 main.init.0"],"level":"error","message":"app.BindAndValid errs: Name为必填字段","time":1691394053247881000}
2023/08/07 15:40:55 {"callers":["/Users/mac/go/src/blog-service/main.go: 25 main.init.0"],"level":"error","message":"app.BindAndValid errs: Name为必填字段","time":1691394055519727000}
2023/08/07 15:44:14 {"callers":["/Users/mac/go/src/blog-service/main.go: 25 main.init.0"],"level":"error","message":"app.BindAndValid errs: Name为必填字段","time":1691394254424260000}
2023/08/07 15:44:22 {"callers":["/Users/mac/go/src/blog-service/main.go: 25 main.init.0"],"level":"error","message":"app.BindAndValid errs: Name为必填字段","time":1691394262642838000}
2023/08/07 15:47:29 {"callers":["/Users/mac/go/src/blog-service/main.go: 25 main.init.0"],"level":"error","message":"app.BindAndValid errs: Name为必填字段","time":1691394449288478000}
2023/08/07 15:51:36 {"callers":["/Users/mac/go/src/blog-service/main.go: 25 main.init.0"],"level":"error","message":"app.BindAndValid errs: ","time":1691394696501516000}
2023/08/07 15:52:03 {"callers":["/Users/mac/go/src/blog-service/main.go: 25 main.init.0"],"level":"error","message":"app.BindAndValid errs: ","time":1691394723749620000}
2023/08/07 15:52:19 {"callers":["/Users/mac/go/src/blog-service/main.go: 25 main.init.0"],"level":"error","message":"app.BindAndValid errs: ","time":1691394739248711000}
2023/08/07 15:55:44 {"callers":["/Users/mac/go/src/blog-service/main.go: 25 main.init.0"],"level":"error","message":"app.BindAndValid errs: ","time":1691394944728236000}
2023/08/07 15:55:54 {"callers":["/Users/mac/go/src/blog-service/main.go: 25 main.init.0"],"level":"error","message":"app.BindAndValid errs: ","time":1691394954297999000}
2023/08/07 15:56:17 {"callers":["/Users/mac/go/src/blog-service/main.go: 25 main.init.0"],"level":"error","message":"app.BindAndValid errs: ","time":1691394977603162000}
2023/08/07 15:57:08 {"callers":["/Users/mac/go/src/blog-service/main.go: 25 main.init.0"],"level":"error","message":"app.BindAndValid errs: ","time":1691395028943161000}
2023/08/07 15:57:46 {"callers":["/Users/mac/go/src/blog-service/main.go: 25 main.init.0"],"level":"error","message":"app.BindAndValid errs: ","time":1691395066709616000}
2023/08/07 15:59:03 {"callers":["/Users/mac/go/src/blog-service/main.go: 25 main.init.0"],"level":"error","message":"app.BindAndValid errs: ","time":1691395143905670000}
2023/08/07 15:59:26 {"callers":["/Users/mac/go/src/blog-service/main.go: 25 main.init.0"],"level":"error","message":"app.BindAndValid errs: ","time":1691395166886131000}
2023/08/07 16:08:02 {"callers":["/Users/mac/go/src/blog-service/main.go: 25 main.init.0"],"level":"error","message":"app.BindAndValid errs: invalid character '-' in numeric literal","time":1691395682903559000}
2023/08/07 16:09:44 {"callers":["/Users/mac/go/src/blog-service/main.go: 25 main.init.0"],"level":"error","message":"app.BindAndValid errs: invalid character '-' in numeric literal","time":1691395784100321000}
2023/08/07 16:09:46 {"callers":["/Users/mac/go/src/blog-service/main.go: 25 main.init.0"],"level":"error","message":"app.BindAndValid errs: invalid character '-' in numeric literal","time":1691395786458413000}
2023/08/07 16:09:48 {"callers":["/Users/mac/go/src/blog-service/main.go: 25 main.init.0"],"level":"error","message":"app.BindAndValid errs: invalid character '-' in numeric literal","time":1691395788264284000}
2023/08/07 16:10:40 {"callers":["/Users/mac/go/src/blog-service/main.go: 25 main.init.0"],"level":"error","message":"app.BindAndValid errs: invalid character '-' in numeric literal","time":1691395840258930000}
2023/08/07 16:11:25 {"callers":["/Users/mac/go/src/blog-service/main.go: 25 main.init.0"],"level":"error","message":"app.BindAndValid errs: invalid character '-' in numeric literal","time":1691395885580225000}
2023/08/07 16:13:34 {"callers":["/Users/mac/go/src/blog-service/main.go: 25 main.init.0"],"level":"error","message":"app.BindAndValid errs: EOF","time":1691396014011497000}
2023/08/07 16:13:44 {"callers":["/Users/mac/go/src/blog-service/main.go: 25 main.init.0"],"level":"error","message":"app.BindAndValid errs: Name为必填字段","time":1691396024959968000}
2023/08/09 16:58:34 {"callers":["/Users/mac/go/src/blog-service/main.go: 25 main.init.0"],"level":"error","message":"svc.UploadFile err: exceeded maximum file limit","time":1691571514691175000}
2023/08/18 10:11:45 {"callers":["/Users/mac/go/src/blog-service/main.go: 25 main.init.0"],"level":"error","message":"app.BindAndValid errs: EOF","time":1692324705016933000}
2023/08/18 10:18:06 {"callers":["/Users/mac/go/src/blog-service/main.go: 25 main.init.0"],"level":"error","message":"app.BindAndValid errs: json: Unmarshal(non-pointer service.AuthRequest)","time":1692325086781743000}
2023/08/18 10:19:33 {"callers":["/Users/mac/go/src/blog-service/main.go: 25 main.init.0"],"level":"error","message":"app.BindAndValid errs: json: Unmarshal(non-pointer service.AuthRequest)","time":1692325173556442000}
2023/08/18 13:38:12 {"callers":["/Users/mac/go/src/blog-service/main.go: 25 main.init.0"],"level":"error","message":"app.BindAndValid errs: json: Unmarshal(non-pointer service.AuthRequest)","time":1692337092001140000}
2023/08/18 13:38:31 {"callers":["/Users/mac/go/src/blog-service/main.go: 25 main.init.0"],"level":"error","message":"app.BindAndValid errs: json: Unmarshal(non-pointer service.AuthRequest)","time":1692337111036705000}
2023/08/18 13:40:38 {"callers":["/Users/mac/go/src/blog-service/main.go: 25 main.init.0"],"level":"error","message":"svc.CheckAuth err: auth info does not exist","time":1692337238452630000}
2023/08/18 15:35:11 {"callers":["/Users/mac/go/src/blog-service/main.go: 25 main.init.0"],"level":"error","message":"app.BindAndValid errs: EOF","time":1692344111248670000}
2023/08/22 16:41:29 {"callers":["/Users/mac/go/src/blog-service/main.go: 25 main.init.0"],"level":"info","message":"access log: method: POST, status_code: 200, begin_time: 1692693689, end_time: 1692693689","request":"","response":"{\"token\":\"eyJhbGciOiJIUzI1NiIsInR5cCI6IkpXVCJ9.eyJleHAiOjE2OTI3ODAwODksImlkIjoiN2M5NzI2NjMxNzBkNmJjMTg0ODRkMDViYzk4NzIyZjQiLCJuYW1lIjoiMjc1NjY4YmE2NTUwNDljZDczOWQxZDllNmIzMWNjZjEifQ.fCJn7OoXis34z-xWwUII61W4sesJ6L9ExTHRExBfl0o\"}","time":1692693689318022000}
2023/08/22 16:42:37 {"callers":["/Users/mac/go/src/blog-service/main.go: 25 main.init.0"],"level":"info","message":"access log: method: POST, status_code: 200, begin_time: 1692693757, end_time: 1692693757","request":"","response":"{\"token\":\"eyJhbGciOiJIUzI1NiIsInR5cCI6IkpXVCJ9.eyJleHAiOjE2OTI3ODAxNTcsImlkIjoiN2M5NzI2NjMxNzBkNmJjMTg0ODRkMDViYzk4NzIyZjQiLCJuYW1lIjoiMjc1NjY4YmE2NTUwNDljZDczOWQxZDllNmIzMWNjZjEifQ.pdAOQbMQGPMtbfl9VjLgls7vfnUx04prGUKPYtRt61o\"}","time":1692693757370278000}
2023/08/22 16:42:49 {"callers":["/Users/mac/go/src/blog-service/main.go: 25 main.init.0"],"level":"info","message":"access log: method: GET, status_code: 200, begin_time: 1692693769, end_time: 1692693769","request":"","response":"","time":1692693769309845000}
2023/08/22 16:43:18 {"callers":["/Users/mac/go/src/blog-service/main.go: 25 main.init.0"],"level":"info","message":"access log: method: POST, status_code: 200, begin_time: 1692693798, end_time: 1692693798","request":"","response":"{\"token\":\"eyJhbGciOiJIUzI1NiIsInR5cCI6IkpXVCJ9.eyJleHAiOjE2OTI3ODAxOTgsImlkIjoiN2M5NzI2NjMxNzBkNmJjMTg0ODRkMDViYzk4NzIyZjQiLCJuYW1lIjoiMjc1NjY4YmE2NTUwNDljZDczOWQxZDllNmIzMWNjZjEifQ.0GgKqO_RhhREE5ziAzLM7g2O7MRWnUpo-BOxV39iHBA\"}","time":1692693798406179000}
2023/08/22 16:49:37 {"callers":["/Users/mac/go/src/blog-service/main.go: 25 main.init.0"],"level":"error","message":"app.BindAndValid errs: invalid character '-' in numeric literal","time":1692694177008056000}
2023/08/22 16:49:37 {"callers":["/Users/mac/go/src/blog-service/main.go: 25 main.init.0"],"level":"info","message":"access log: method: POST, status_code: 400, begin_time: 1692694177, end_time: 1692694177","request":"","response":"{\"code\":10000001,\"details\":[\"invalid character '-' in numeric literal\"],\"msg\":\"入参错误\"}","time":1692694177009341000}
2023/08/22 16:50:04 {"callers":["/Users/mac/go/src/blog-service/main.go: 25 main.init.0"],"level":"info","message":"access log: method: POST, status_code: 200, begin_time: 1692694204, end_time: 1692694204","request":"","response":"{\"token\":\"eyJhbGciOiJIUzI1NiIsInR5cCI6IkpXVCJ9.eyJleHAiOjE2OTI3ODA2MDQsImlkIjoiN2M5NzI2NjMxNzBkNmJjMTg0ODRkMDViYzk4NzIyZjQiLCJuYW1lIjoiMjc1NjY4YmE2NTUwNDljZDczOWQxZDllNmIzMWNjZjEifQ.rN4tCvrJvAiHsFk0KgI4ugy94b1kajlaISn3mfSeTyM\"}","time":1692694204618813000}
2023/08/22 16:55:24 {"callers":["/Users/mac/go/src/blog-service/main.go: 25 main.init.0"],"level":"info","message":"access log: method: POST, status_code: 200, begin_time: 1692694524, end_time: 1692694524","request":"","response":"{\"token\":\"eyJhbGciOiJIUzI1NiIsInR5cCI6IkpXVCJ9.eyJleHAiOjE2OTI3ODA5MjQsImlkIjoiN2M5NzI2NjMxNzBkNmJjMTg0ODRkMDViYzk4NzIyZjQiLCJuYW1lIjoiMjc1NjY4YmE2NTUwNDljZDczOWQxZDllNmIzMWNjZjEifQ.QQsAQZZo2jAUXH_tKzUZvgcxGBV0FaT5WNjdzIZEDn0\"}","time":1692694524616092000}
2023/08/22 16:56:32 {"callers":["/Users/mac/go/src/blog-service/main.go: 25 main.init.0"],"level":"info","message":"access log: method: POST, status_code: 200, begin_time: 1692694592, end_time: 1692694592","request":"","response":"{\"token\":\"eyJhbGciOiJIUzI1NiIsInR5cCI6IkpXVCJ9.eyJleHAiOjE2OTI3ODA5OTIsImlkIjoiN2M5NzI2NjMxNzBkNmJjMTg0ODRkMDViYzk4NzIyZjQiLCJuYW1lIjoiMjc1NjY4YmE2NTUwNDljZDczOWQxZDllNmIzMWNjZjEifQ.rbuGneRLD3AE1zddgJR26XNohH1NrJF5xOIk6QPGWX8\"}","time":1692694592312403000}
2023/08/22 17:02:25 {"callers":["/Users/mac/go/src/blog-service/main.go: 25 main.init.0"],"level":"info","message":"access log: method: POST, status_code: 200, begin_time: 1692694945, end_time: 1692694945","request":"","response":"{\"token\":\"eyJhbGciOiJIUzI1NiIsInR5cCI6IkpXVCJ9.eyJleHAiOjE2OTI3ODEzNDUsImlkIjoiN2M5NzI2NjMxNzBkNmJjMTg0ODRkMDViYzk4NzIyZjQiLCJuYW1lIjoiMjc1NjY4YmE2NTUwNDljZDczOWQxZDllNmIzMWNjZjEifQ.tEJDA35xMW0CJ7o1gNJF05kPcQpZHv4fHrnpdBLL5QM\"}","time":1692694945299380000}
2023/08/22 17:03:47 {"callers":["/Users/mac/go/src/blog-service/main.go: 25 main.init.0"],"level":"info","message":"access log: method: POST, status_code: 404, begin_time: 1692695027, end_time: 1692695027","request":"----------------------------110931614588539308941585\r\nContent-Disposition: form-data; name=\"ass\"\r\n\r\nsss\r\n----------------------------110931614588539308941585--\r\n","response":"","time":1692695027591130000}
2023/08/22 17:04:07 {"callers":["/Users/mac/go/src/blog-service/main.go: 25 main.init.0"],"level":"info","message":"access log: method: POST, status_code: 401, begin_time: 1692695047, end_time: 1692695047","request":"----------------------------563304089367661398276799\r\nContent-Disposition: form-data; name=\"ass\"\r\n\r\nsss\r\n----------------------------563304089367661398276799--\r\n","response":"{\"code\":10000004,\"msg\":\"鉴权失败，Token 错误\"}","time":1692695047157690000}
2023/08/22 17:05:53 {"callers":["/Users/mac/go/src/blog-service/main.go: 25 main.init.0"],"level":"info","message":"access log: method: POST, status_code: 401, begin_time: 1692695153, end_time: 1692695153","request":"{\n    \"aaa\":\"asdasd\"\n}","response":"{\"code\":10000004,\"msg\":\"鉴权失败，Token 错误\"}","time":1692695153941628000}
2023/08/22 17:06:48 {"callers":["/Users/mac/go/src/blog-service/main.go: 25 main.init.0"],"level":"info","message":"access log: method: POST, status_code: 401, begin_time: 1692695208, end_time: 1692695208","request":"","response":"{\"code\":10000004,\"msg\":\"鉴权失败，Token 错误\"}","time":1692695208724167000}
2023/08/22 17:07:09 {"callers":["/Users/mac/go/src/blog-service/main.go: 25 main.init.0"],"level":"info","message":"access log: method: POST, status_code: 401, begin_time: 1692695229, end_time: 1692695229","request":"","response":"{\"code\":10000004,\"msg\":\"鉴权失败，Token 错误\"}","time":1692695229366823000}
2023/08/22 17:07:30 {"callers":["/Users/mac/go/src/blog-service/main.go: 25 main.init.0"],"level":"info","message":"access log: method: POST, status_code: 401, begin_time: 1692695250, end_time: 1692695250","request":"{\n    \"aaa\":\"asdasd\"\n}","response":"{\"code\":10000004,\"msg\":\"鉴权失败，Token 错误\"}","time":1692695250567714000}
2023/08/22 17:08:10 {"callers":["/Users/mac/go/src/blog-service/main.go: 25 main.init.0"],"level":"info","message":"access log: method: POST, status_code: 200, begin_time: 1692695290, end_time: 1692695290","request":"","response":"{\"token\":\"eyJhbGciOiJIUzI1NiIsInR5cCI6IkpXVCJ9.eyJleHAiOjE2OTI3ODE2OTAsImlkIjoiN2M5NzI2NjMxNzBkNmJjMTg0ODRkMDViYzk4NzIyZjQiLCJuYW1lIjoiMjc1NjY4YmE2NTUwNDljZDczOWQxZDllNmIzMWNjZjEifQ.HXSNL2p4jc0GYEcsXNSjCbK60qmqcaEzZ-WgbCfDWZM\"}","time":1692695290489442000}
2023/08/22 17:08:37 {"callers":["/Users/mac/go/src/blog-service/main.go: 25 main.init.0"],"level":"error","message":"app.BindAndValid errs: AppKey为必填字段,AppSecret为必填字段","time":1692695317132188000}
2023/08/22 17:08:37 {"callers":["/Users/mac/go/src/blog-service/main.go: 25 main.init.0"],"level":"info","message":"access log: method: POST, status_code: 400, begin_time: 1692695317, end_time: 1692695317","request":"","response":"{\"code\":10000001,\"details\":[\"AppKey为必填字段\",\"AppSecret为必填字段\"],\"msg\":\"入参错误\"}","time":1692695317132287000}
2023/08/22 17:08:45 {"callers":["/Users/mac/go/src/blog-service/main.go: 25 main.init.0"],"level":"error","message":"app.BindAndValid errs: AppKey为必填字段,AppSecret为必填字段","time":1692695325357256000}
2023/08/22 17:08:45 {"callers":["/Users/mac/go/src/blog-service/main.go: 25 main.init.0"],"level":"info","message":"access log: method: POST, status_code: 400, begin_time: 1692695325, end_time: 1692695325","request":"","response":"{\"code\":10000001,\"details\":[\"AppKey为必填字段\",\"AppSecret为必填字段\"],\"msg\":\"入参错误\"}","time":1692695325357361000}
2023/08/22 17:08:50 {"callers":["/Users/mac/go/src/blog-service/main.go: 25 main.init.0"],"level":"info","message":"access log: method: POST, status_code: 200, begin_time: 1692695330, end_time: 1692695330","request":"","response":"{\"token\":\"eyJhbGciOiJIUzI1NiIsInR5cCI6IkpXVCJ9.eyJleHAiOjE2OTI3ODE3MzAsImlkIjoiN2M5NzI2NjMxNzBkNmJjMTg0ODRkMDViYzk4NzIyZjQiLCJuYW1lIjoiMjc1NjY4YmE2NTUwNDljZDczOWQxZDllNmIzMWNjZjEifQ.iVuOyF6mCmTKd_vUlqXIOS3PS7466R-1W8EDjwxFKnM\"}","time":1692695330463459000}
2023/08/22 17:08:58 {"callers":["/Users/mac/go/src/blog-service/main.go: 25 main.init.0"],"level":"info","message":"access log: method: POST, status_code: 401, begin_time: 1692695338, end_time: 1692695338","request":"{\n    \"aaa\":\"asdasd\"\n}","response":"{\"code\":10000004,\"msg\":\"鉴权失败，Token 错误\"}","time":1692695338072148000}
2023/08/22 17:09:17 {"callers":["/Users/mac/go/src/blog-service/main.go: 25 main.init.0"],"level":"info","message":"access log: method: POST, status_code: 200, begin_time: 1692695357, end_time: 1692695357","request":"{\n    \"aaa\":\"asdasd\"\n}","response":"","time":1692695357490319000}
2023/08/22 17:09:29 {"callers":["/Users/mac/go/src/blog-service/main.go: 25 main.init.0"],"level":"info","message":"access log: method: POST, status_code: 200, begin_time: 1692695369, end_time: 1692695369","request":"{\n    \"aaa\":\"asdasd\"\n}","response":"","time":1692695369699555000}
2023/08/22 17:09:41 {"callers":["/Users/mac/go/src/blog-service/main.go: 25 main.init.0"],"level":"info","message":"access log: method: POST, status_code: 200, begin_time: 1692695381, end_time: 1692695381","request":"{\n    \"aaa\":\"asdasd\"\n}","response":"","time":1692695381088352000}
2023/08/22 17:09:49 {"callers":["/Users/mac/go/src/blog-service/main.go: 25 main.init.0"],"level":"info","message":"access log: method: POST, status_code: 200, begin_time: 1692695389, end_time: 1692695389","request":"","response":"{\"token\":\"eyJhbGciOiJIUzI1NiIsInR5cCI6IkpXVCJ9.eyJleHAiOjE2OTI3ODE3ODksImlkIjoiN2M5NzI2NjMxNzBkNmJjMTg0ODRkMDViYzk4NzIyZjQiLCJuYW1lIjoiMjc1NjY4YmE2NTUwNDljZDczOWQxZDllNmIzMWNjZjEifQ.MIT_EKZzeHW5MiJx1d9hXHqM1Xsy-BCYuXZB0wrWh8g\"}","time":1692695389183288000}
2023/08/22 17:10:13 {"callers":["/Users/mac/go/src/blog-service/main.go: 25 main.init.0"],"level":"info","message":"access log: method: POST, status_code: 200, begin_time: 1692695413, end_time: 1692695413","request":"","response":"{\"token\":\"eyJhbGciOiJIUzI1NiIsInR5cCI6IkpXVCJ9.eyJleHAiOjE2OTI3ODE4MTMsImlkIjoiN2M5NzI2NjMxNzBkNmJjMTg0ODRkMDViYzk4NzIyZjQiLCJuYW1lIjoiMjc1NjY4YmE2NTUwNDljZDczOWQxZDllNmIzMWNjZjEifQ.T9z6iBmpI_EjjWM8xX1JCYAbNj81YOASXEascBPPkfw\"}","time":1692695413764517000}
2023/08/22 17:11:46 {"callers":["/Users/mac/go/src/blog-service/main.go: 25 main.init.0"],"level":"info","message":"access log: method: POST, status_code: 200, begin_time: 1692695506, end_time: 1692695506","request":"{\n    \"aaa\":\"asdasd\"\n}","response":"","time":1692695506691078000}
2023/08/22 17:11:55 {"callers":["/Users/mac/go/src/blog-service/main.go: 25 main.init.0"],"level":"info","message":"access log: method: POST, status_code: 200, begin_time: 1692695515, end_time: 1692695515","request":"","response":"{\"token\":\"eyJhbGciOiJIUzI1NiIsInR5cCI6IkpXVCJ9.eyJleHAiOjE2OTI3ODE5MTUsImlkIjoiN2M5NzI2NjMxNzBkNmJjMTg0ODRkMDViYzk4NzIyZjQiLCJuYW1lIjoiMjc1NjY4YmE2NTUwNDljZDczOWQxZDllNmIzMWNjZjEifQ.Rh7loU4lbCLdDV5rsZFfpORYgMI7QlgPEm6UnfYaclA\"}","time":1692695515298025000}
2023/08/22 17:12:47 {"callers":["/Users/mac/go/src/blog-service/main.go: 25 main.init.0"],"level":"info","message":"access log: method: POST, status_code: 200, begin_time: 1692695567, end_time: 1692695567","request":"","response":"{\"token\":\"eyJhbGciOiJIUzI1NiIsInR5cCI6IkpXVCJ9.eyJleHAiOjE2OTI3ODE5NjcsImlkIjoiN2M5NzI2NjMxNzBkNmJjMTg0ODRkMDViYzk4NzIyZjQiLCJuYW1lIjoiMjc1NjY4YmE2NTUwNDljZDczOWQxZDllNmIzMWNjZjEifQ.R2FLIaofSYbTX8hTibTd5TR1GhEpcDy9KqGe2VRud2U\"}","time":1692695567329452000}
2023/08/22 17:13:40 {"callers":["/Users/mac/go/src/blog-service/main.go: 25 main.init.0"],"level":"info","message":"access log: method: POST, status_code: 200, begin_time: 1692695620, end_time: 1692695620","request":"","response":"{\"token\":\"eyJhbGciOiJIUzI1NiIsInR5cCI6IkpXVCJ9.eyJleHAiOjE2OTI3ODIwMjAsImlkIjoiN2M5NzI2NjMxNzBkNmJjMTg0ODRkMDViYzk4NzIyZjQiLCJuYW1lIjoiMjc1NjY4YmE2NTUwNDljZDczOWQxZDllNmIzMWNjZjEifQ.HvhHnpambtlBebXusBnk3OYmNWwtRXUTTr_fZObSguU\"}","time":1692695620469130000}
2023/08/22 17:13:42 {"callers":["/Users/mac/go/src/blog-service/main.go: 25 main.init.0"],"level":"info","message":"access log: method: POST, status_code: 200, begin_time: 1692695622, end_time: 1692695622","request":"","response":"{\"token\":\"eyJhbGciOiJIUzI1NiIsInR5cCI6IkpXVCJ9.eyJleHAiOjE2OTI3ODIwMjIsImlkIjoiN2M5NzI2NjMxNzBkNmJjMTg0ODRkMDViYzk4NzIyZjQiLCJuYW1lIjoiMjc1NjY4YmE2NTUwNDljZDczOWQxZDllNmIzMWNjZjEifQ.LhEAdypwt0Qm5GlavOPS_OAvHDnSBsM-3FyVsYpAaNI\"}","time":1692695622933870000}
2023/08/22 17:13:45 {"callers":["/Users/mac/go/src/blog-service/main.go: 25 main.init.0"],"level":"info","message":"access log: method: POST, status_code: 200, begin_time: 1692695625, end_time: 1692695625","request":"","response":"{\"token\":\"eyJhbGciOiJIUzI1NiIsInR5cCI6IkpXVCJ9.eyJleHAiOjE2OTI3ODIwMjUsImlkIjoiN2M5NzI2NjMxNzBkNmJjMTg0ODRkMDViYzk4NzIyZjQiLCJuYW1lIjoiMjc1NjY4YmE2NTUwNDljZDczOWQxZDllNmIzMWNjZjEifQ.AvXd4g_hZYHkA36cMmm1Rmwt0wMV_Ksh6oL-113T4rA\"}","time":1692695625227172000}
2023/08/22 17:14:00 {"callers":["/Users/mac/go/src/blog-service/main.go: 25 main.init.0"],"level":"info","message":"access log: method: POST, status_code: 200, begin_time: 1692695640, end_time: 1692695640","request":"","response":"{\"token\":\"eyJhbGciOiJIUzI1NiIsInR5cCI6IkpXVCJ9.eyJleHAiOjE2OTI3ODIwNDAsImlkIjoiN2M5NzI2NjMxNzBkNmJjMTg0ODRkMDViYzk4NzIyZjQiLCJuYW1lIjoiMjc1NjY4YmE2NTUwNDljZDczOWQxZDllNmIzMWNjZjEifQ.Cll-p-74KmaSwdCx1mK2z3xhNlc_zRK6Knglk-Nq0sc\"}","time":1692695640480382000}
2023/08/22 17:14:22 {"callers":["/Users/mac/go/src/blog-service/main.go: 25 main.init.0"],"level":"info","message":"access log: method: POST, status_code: 200, begin_time: 1692695662, end_time: 1692695662","request":"","response":"{\"token\":\"eyJhbGciOiJIUzI1NiIsInR5cCI6IkpXVCJ9.eyJleHAiOjE2OTI3ODIwNjIsImlkIjoiN2M5NzI2NjMxNzBkNmJjMTg0ODRkMDViYzk4NzIyZjQiLCJuYW1lIjoiMjc1NjY4YmE2NTUwNDljZDczOWQxZDllNmIzMWNjZjEifQ.h95IPd33h9hqAiJK15eHuBiRMO8Qybb1AAqVjY_9ZAU\"}","time":1692695662757875000}
2023/08/22 17:14:48 {"callers":["/Users/mac/go/src/blog-service/main.go: 25 main.init.0"],"level":"info","message":"access log: method: POST, status_code: 200, begin_time: 1692695688, end_time: 1692695688","request":"","response":"{\"token\":\"eyJhbGciOiJIUzI1NiIsInR5cCI6IkpXVCJ9.eyJleHAiOjE2OTI3ODIwODgsImlkIjoiN2M5NzI2NjMxNzBkNmJjMTg0ODRkMDViYzk4NzIyZjQiLCJuYW1lIjoiMjc1NjY4YmE2NTUwNDljZDczOWQxZDllNmIzMWNjZjEifQ.ZhjCYtZsH4nCYVVurWQ1Y8iXmAuAe418ItcX98NWVj0\"}","time":1692695688813295000}
2023/08/22 17:15:22 {"callers":["/Users/mac/go/src/blog-service/main.go: 25 main.init.0"],"level":"info","message":"access log: method: POST, status_code: 401, begin_time: 1692695722, end_time: 1692695722","request":"{\"app_key\":\"eddycjy\",\"app_secret\":\"go-programming-tour-book\"}","response":"{\"code\":10000004,\"msg\":\"鉴权失败，Token 错误\"}","time":1692695722873633000}
2023/08/22 17:15:35 {"callers":["/Users/mac/go/src/blog-service/main.go: 25 main.init.0"],"level":"info","message":"access log: method: POST, status_code: 401, begin_time: 1692695735, end_time: 1692695735","request":"{\"app_key\":\"eddycjy\",\"app_secret\":\"go-programming-tour-book\"}","response":"{\"code\":10000004,\"msg\":\"鉴权失败，Token 错误\"}","time":1692695735909609000}
2023/08/22 17:15:56 {"callers":["/Users/mac/go/src/blog-service/main.go: 25 main.init.0"],"level":"info","message":"access log: method: POST, status_code: 401, begin_time: 1692695756, end_time: 1692695756","request":"{\"app_key\":\"eddycjy\",\"app_secret\":\"go-programming-tour-book\"}","response":"{\"code\":10000004,\"msg\":\"鉴权失败，Token 错误\"}","time":1692695756987564000}
2023/08/22 17:16:16 {"callers":["/Users/mac/go/src/blog-service/main.go: 25 main.init.0"],"level":"info","message":"access log: method: POST, status_code: 200, begin_time: 1692695776, end_time: 1692695776","request":"","response":"{\"token\":\"eyJhbGciOiJIUzI1NiIsInR5cCI6IkpXVCJ9.eyJleHAiOjE2OTI3ODIxNzYsImlkIjoiN2M5NzI2NjMxNzBkNmJjMTg0ODRkMDViYzk4NzIyZjQiLCJuYW1lIjoiMjc1NjY4YmE2NTUwNDljZDczOWQxZDllNmIzMWNjZjEifQ.OVePHZrWeEAsO4fCunHZQHljt_oFlQybhP0z1eL83xc\"}","time":1692695776510478000}
2023/08/22 17:17:10 {"callers":["/Users/mac/go/src/blog-service/main.go: 25 main.init.0"],"level":"info","message":"access log: method: POST, status_code: 200, begin_time: 1692695830, end_time: 1692695830","request":"","response":"{\"token\":\"eyJhbGciOiJIUzI1NiIsInR5cCI6IkpXVCJ9.eyJleHAiOjE2OTI3ODIyMzAsImlkIjoiN2M5NzI2NjMxNzBkNmJjMTg0ODRkMDViYzk4NzIyZjQiLCJuYW1lIjoiMjc1NjY4YmE2NTUwNDljZDczOWQxZDllNmIzMWNjZjEifQ.Tq0jvi6bo_BmMjC_59yOvYwa-W14V2sceEqznVLZFvM\"}","time":1692695830232723000}
2023/08/22 17:17:54 {"callers":["/Users/mac/go/src/blog-service/main.go: 25 main.init.0"],"level":"info","message":"access log: method: POST, status_code: 401, begin_time: 1692695874, end_time: 1692695874","request":"{\"app_key\":\"eddycjy\",\"app_secret\":\"go-programming-tour-book\"}","response":"{\"code\":10000004,\"msg\":\"鉴权失败，Token 错误\"}","time":1692695874737058000}
2023/08/22 17:18:06 {"callers":["/Users/mac/go/src/blog-service/main.go: 25 main.init.0"],"level":"info","message":"access log: method: POST, status_code: 200, begin_time: 1692695886, end_time: 1692695886","request":"","response":"{\"token\":\"eyJhbGciOiJIUzI1NiIsInR5cCI6IkpXVCJ9.eyJleHAiOjE2OTI3ODIyODYsImlkIjoiN2M5NzI2NjMxNzBkNmJjMTg0ODRkMDViYzk4NzIyZjQiLCJuYW1lIjoiMjc1NjY4YmE2NTUwNDljZDczOWQxZDllNmIzMWNjZjEifQ.MtlmcdmQjG_GtTToSgh1GWPfmVxF6ybu_R4w4mYT4cM\"}","time":1692695886650784000}
2023/08/22 17:18:18 {"callers":["/Users/mac/go/src/blog-service/main.go: 25 main.init.0"],"level":"info","message":"access log: method: POST, status_code: 200, begin_time: 1692695898, end_time: 1692695898","request":"","response":"{\"token\":\"eyJhbGciOiJIUzI1NiIsInR5cCI6IkpXVCJ9.eyJleHAiOjE2OTI3ODIyOTgsImlkIjoiN2M5NzI2NjMxNzBkNmJjMTg0ODRkMDViYzk4NzIyZjQiLCJuYW1lIjoiMjc1NjY4YmE2NTUwNDljZDczOWQxZDllNmIzMWNjZjEifQ.0VhHoxb2FWaAqz74BDWt-OWyYw4j3HZeGaasJkvVdx8\"}","time":1692695898894498000}
2023/08/22 17:18:45 {"callers":["/Users/mac/go/src/blog-service/main.go: 25 main.init.0"],"level":"info","message":"access log: method: POST, status_code: 401, begin_time: 1692695925, end_time: 1692695925","request":"{\"app_key\":\"eddycjy\",\"app_secret\":\"go-programming-tour-book\"}","response":"{\"code\":10000004,\"msg\":\"鉴权失败，Token 错误\"}","time":1692695925375631000}
2023/08/22 17:20:06 {"callers":["/Users/mac/go/src/blog-service/main.go: 25 main.init.0"],"level":"info","message":"access log: method: POST, status_code: 401, begin_time: 1692696006, end_time: 1692696006","request":"{\"app_key\":\"eddycjy\",\"app_secret\":\"go-programming-tour-book\"}","response":"{\"code\":10000004,\"msg\":\"鉴权失败，Token 错误\"}","time":1692696006596466000}
2023/08/22 17:20:11 {"callers":["/Users/mac/go/src/blog-service/main.go: 25 main.init.0"],"level":"info","message":"access log: method: POST, status_code: 200, begin_time: 1692696011, end_time: 1692696011","request":"","response":"{\"token\":\"eyJhbGciOiJIUzI1NiIsInR5cCI6IkpXVCJ9.eyJleHAiOjE2OTI3ODI0MTEsImlkIjoiN2M5NzI2NjMxNzBkNmJjMTg0ODRkMDViYzk4NzIyZjQiLCJuYW1lIjoiMjc1NjY4YmE2NTUwNDljZDczOWQxZDllNmIzMWNjZjEifQ.99BKwrBAgFESkW5LBw_wROfnNQhu0UWuNn3J6WwSyQs\"}","time":1692696011608794000}
2023/08/22 17:20:23 {"callers":["/Users/mac/go/src/blog-service/main.go: 25 main.init.0"],"level":"info","message":"access log: method: POST, status_code: 200, begin_time: 1692696023, end_time: 1692696023","request":"","response":"{\"token\":\"eyJhbGciOiJIUzI1NiIsInR5cCI6IkpXVCJ9.eyJleHAiOjE2OTI3ODI0MjMsImlkIjoiN2M5NzI2NjMxNzBkNmJjMTg0ODRkMDViYzk4NzIyZjQiLCJuYW1lIjoiMjc1NjY4YmE2NTUwNDljZDczOWQxZDllNmIzMWNjZjEifQ.Rkjw7_mc_xbW4Lwlj3kCgJ-dSVYseHReyg1olpe4nes\"}","time":1692696023951903000}
2023/08/22 17:20:32 {"callers":["/Users/mac/go/src/blog-service/main.go: 25 main.init.0"],"level":"info","message":"access log: method: POST, status_code: 200, begin_time: 1692696032, end_time: 1692696032","request":"","response":"{\"token\":\"eyJhbGciOiJIUzI1NiIsInR5cCI6IkpXVCJ9.eyJleHAiOjE2OTI3ODI0MzIsImlkIjoiN2M5NzI2NjMxNzBkNmJjMTg0ODRkMDViYzk4NzIyZjQiLCJuYW1lIjoiMjc1NjY4YmE2NTUwNDljZDczOWQxZDllNmIzMWNjZjEifQ.rO9uaUX3eNRupzGRQDmR8JfGnhpTs2e_O2dWiK0Xd2M\"}","time":1692696032819947000}
2023/08/22 17:20:37 {"callers":["/Users/mac/go/src/blog-service/main.go: 25 main.init.0"],"level":"info","message":"access log: method: POST, status_code: 401, begin_time: 1692696037, end_time: 1692696037","request":"{\"app_key\":\"eddycjy\",\"app_secret\":\"go-programming-tour-book\"}","response":"{\"code\":10000004,\"msg\":\"鉴权失败，Token 错误\"}","time":1692696037733209000}
2023/08/22 17:21:22 {"callers":["/Users/mac/go/src/blog-service/main.go: 25 main.init.0"],"level":"info","message":"access log: method: POST, status_code: 401, begin_time: 1692696082, end_time: 1692696082","request":"{\"app_key\":\"eddycjy\",\"app_secret\":\"go-programming-tour-book\"}","response":"{\"code\":10000004,\"msg\":\"鉴权失败，Token 错误\"}","time":1692696082489884000}
2023/08/22 17:23:09 {"callers":["/Users/mac/go/src/blog-service/main.go: 25 main.init.0"],"level":"info","message":"access log: method: POST, status_code: 401, begin_time: 1692696189, end_time: 1692696189","request":"{\"app_key\":\"eddycjy\",\"app_secret\":\"go-programming-tour-book\"}","response":"{\"code\":10000004,\"msg\":\"鉴权失败，Token 错误\"}","time":1692696189815049000}
2023/08/22 17:23:16 {"callers":["/Users/mac/go/src/blog-service/main.go: 25 main.init.0"],"level":"info","message":"access log: method: POST, status_code: 200, begin_time: 1692696196, end_time: 1692696196","request":"","response":"{\"token\":\"eyJhbGciOiJIUzI1NiIsInR5cCI6IkpXVCJ9.eyJleHAiOjE2OTI3ODI1OTYsImlkIjoiN2M5NzI2NjMxNzBkNmJjMTg0ODRkMDViYzk4NzIyZjQiLCJuYW1lIjoiMjc1NjY4YmE2NTUwNDljZDczOWQxZDllNmIzMWNjZjEifQ.r19JO2aeA1aKx35rX-GNB_IYbZ6O7bD1bYxhHdepXEQ\"}","time":1692696196852441000}
2023/08/22 17:24:26 {"callers":["/Users/mac/go/src/blog-service/main.go: 25 main.init.0"],"level":"info","message":"access log: method: POST, status_code: 200, begin_time: 1692696266, end_time: 1692696266","request":"","response":"{\"token\":\"eyJhbGciOiJIUzI1NiIsInR5cCI6IkpXVCJ9.eyJleHAiOjE2OTI3ODI2NjYsImlkIjoiN2M5NzI2NjMxNzBkNmJjMTg0ODRkMDViYzk4NzIyZjQiLCJuYW1lIjoiMjc1NjY4YmE2NTUwNDljZDczOWQxZDllNmIzMWNjZjEifQ.GPHQQiH_s4pBlEu0GmF2KS5TFhsRhFPvuawbg2rhnZo\"}","time":1692696266269973000}
2023/08/22 17:24:31 {"callers":["/Users/mac/go/src/blog-service/main.go: 25 main.init.0"],"level":"info","message":"access log: method: POST, status_code: 401, begin_time: 1692696271, end_time: 1692696271","request":"{\"app_key\":\"eddycjy\",\"app_secret\":\"go-programming-tour-book\"}","response":"{\"code\":10000004,\"msg\":\"鉴权失败，Token 错误\"}","time":1692696271343495000}
2023/08/22 17:57:14 {"callers":["/Users/mac/go/src/blog-service/main.go: 25 main.init.0"],"level":"info","message":"access log: method: POST, status_code: 200, begin_time: 1692698234, end_time: 1692698234","request":"","response":"{\"token\":\"eyJhbGciOiJIUzI1NiIsInR5cCI6IkpXVCJ9.eyJleHAiOjE2OTI3ODQ2MzQsImlkIjoiN2M5NzI2NjMxNzBkNmJjMTg0ODRkMDViYzk4NzIyZjQiLCJuYW1lIjoiMjc1NjY4YmE2NTUwNDljZDczOWQxZDllNmIzMWNjZjEifQ.ea90FHIK9qGZRLoqxDj9CMI3uumxkurSVEtJ52VUz78\"}{\"code\":10000004,\"msg\":\"鉴权失败，Token 错误\"}","time":1692698234485403000}
2023/08/22 17:57:17 {"callers":["/Users/mac/go/src/blog-service/main.go: 25 main.init.0"],"level":"info","message":"access log: method: POST, status_code: 200, begin_time: 1692698237, end_time: 1692698237","request":"","response":"{\"token\":\"eyJhbGciOiJIUzI1NiIsInR5cCI6IkpXVCJ9.eyJleHAiOjE2OTI3ODQ2MzcsImlkIjoiN2M5NzI2NjMxNzBkNmJjMTg0ODRkMDViYzk4NzIyZjQiLCJuYW1lIjoiMjc1NjY4YmE2NTUwNDljZDczOWQxZDllNmIzMWNjZjEifQ.MWudWWaa-DMm93ml6YuJFauqhQEs8nU6ih9TnzLZK90\"}{\"code\":10000004,\"msg\":\"鉴权失败，Token 错误\"}","time":1692698237773158000}
2023/08/22 17:57:32 {"callers":["/Users/mac/go/src/blog-service/main.go: 25 main.init.0"],"level":"info","message":"access log: method: POST, status_code: 200, begin_time: 1692698252, end_time: 1692698252","request":"","response":"{\"token\":\"eyJhbGciOiJIUzI1NiIsInR5cCI6IkpXVCJ9.eyJleHAiOjE2OTI3ODQ2NTIsImlkIjoiN2M5NzI2NjMxNzBkNmJjMTg0ODRkMDViYzk4NzIyZjQiLCJuYW1lIjoiMjc1NjY4YmE2NTUwNDljZDczOWQxZDllNmIzMWNjZjEifQ.VKlF077uvzUAT9uOLJp06tkD3_KQt2oyG2oRQJBqkP4\"}","time":1692698252909730000}
2023/08/22 17:57:35 {"callers":["/Users/mac/go/src/blog-service/main.go: 25 main.init.0"],"level":"info","message":"access log: method: POST, status_code: 200, begin_time: 1692698255, end_time: 1692698255","request":"","response":"{\"token\":\"eyJhbGciOiJIUzI1NiIsInR5cCI6IkpXVCJ9.eyJleHAiOjE2OTI3ODQ2NTUsImlkIjoiN2M5NzI2NjMxNzBkNmJjMTg0ODRkMDViYzk4NzIyZjQiLCJuYW1lIjoiMjc1NjY4YmE2NTUwNDljZDczOWQxZDllNmIzMWNjZjEifQ.2tV5oYm1iNopWcFC4dVr9AbzIPfTYc9lO66sXovAVzA\"}","time":1692698255260873000}
2023/08/22 17:57:38 {"callers":["/Users/mac/go/src/blog-service/main.go: 25 main.init.0"],"level":"info","message":"access log: method: POST, status_code: 200, begin_time: 1692698258, end_time: 1692698258","request":"","response":"{\"token\":\"eyJhbGciOiJIUzI1NiIsInR5cCI6IkpXVCJ9.eyJleHAiOjE2OTI3ODQ2NTgsImlkIjoiN2M5NzI2NjMxNzBkNmJjMTg0ODRkMDViYzk4NzIyZjQiLCJuYW1lIjoiMjc1NjY4YmE2NTUwNDljZDczOWQxZDllNmIzMWNjZjEifQ.5biaOGy16Bfpdv4FNL-gZE65S_dbq7nfp5_21PNoxFg\"}{\"code\":10000004,\"msg\":\"鉴权失败，Token 错误\"}","time":1692698258207951000}
2023/08/22 17:58:15 {"callers":["/Users/mac/go/src/blog-service/main.go: 25 main.init.0"],"level":"info","message":"access log: method: POST, status_code: 200, begin_time: 1692698295, end_time: 1692698295","request":"","response":"{\"token\":\"eyJhbGciOiJIUzI1NiIsInR5cCI6IkpXVCJ9.eyJleHAiOjE2OTI3ODQ2OTUsImlkIjoiN2M5NzI2NjMxNzBkNmJjMTg0ODRkMDViYzk4NzIyZjQiLCJuYW1lIjoiMjc1NjY4YmE2NTUwNDljZDczOWQxZDllNmIzMWNjZjEifQ.KsIALFXIvSS4bGn06AfqZQu8PboNm1Z1jmfEDTpLgGU\"}{\"code\":10000004,\"msg\":\"鉴权失败，Token 错误\"}","time":1692698295504309000}
2023/08/22 18:35:48 {"callers":["/Users/mac/go/src/blog-service/main.go: 25 main.init.0"],"level":"info","message":"access log: method: POST, status_code: 401, begin_time: 1692700548, end_time: 1692700548","request":"{\"app_key\":\"eddycjy\",\"app_secret\":\"go-programming-tour-book\"}","response":"{\"code\":10000004,\"msg\":\"鉴权失败，Token 错误\"}","time":1692700548830045000}
2023/08/22 18:35:55 {"callers":["/Users/mac/go/src/blog-service/main.go: 25 main.init.0"],"level":"info","message":"access log: method: POST, status_code: 200, begin_time: 1692700555, end_time: 1692700555","request":"","response":"{\"token\":\"eyJhbGciOiJIUzI1NiIsInR5cCI6IkpXVCJ9.eyJleHAiOjE2OTI3ODY5NTUsImlkIjoiN2M5NzI2NjMxNzBkNmJjMTg0ODRkMDViYzk4NzIyZjQiLCJuYW1lIjoiMjc1NjY4YmE2NTUwNDljZDczOWQxZDllNmIzMWNjZjEifQ.G9DqaDVMY6rVfdZK3hUMwjdDsZUnFH5DxYL3lwiDPlk\"}","time":1692700555678988000}
2023/08/22 18:36:44 {"callers":["/Users/mac/go/src/blog-service/main.go: 25 main.init.0"],"level":"info","message":"access log: method: POST, status_code: 200, begin_time: 1692700604, end_time: 1692700604","request":"","response":"{\"token\":\"eyJhbGciOiJIUzI1NiIsInR5cCI6IkpXVCJ9.eyJleHAiOjE2OTI3ODcwMDQsImlkIjoiN2M5NzI2NjMxNzBkNmJjMTg0ODRkMDViYzk4NzIyZjQiLCJuYW1lIjoiMjc1NjY4YmE2NTUwNDljZDczOWQxZDllNmIzMWNjZjEifQ.aBIC9CwpGYaVNweOdyTlXX98YROHdzbcmARW3eO6pc8\"}","time":1692700604720757000}
2023/08/22 18:36:50 {"callers":["/Users/mac/go/src/blog-service/main.go: 25 main.init.0"],"level":"info","message":"access log: method: POST, status_code: 200, begin_time: 1692700610, end_time: 1692700610","request":"","response":"{\"token\":\"eyJhbGciOiJIUzI1NiIsInR5cCI6IkpXVCJ9.eyJleHAiOjE2OTI3ODcwMTAsImlkIjoiN2M5NzI2NjMxNzBkNmJjMTg0ODRkMDViYzk4NzIyZjQiLCJuYW1lIjoiMjc1NjY4YmE2NTUwNDljZDczOWQxZDllNmIzMWNjZjEifQ.lh4z92C57afAehQOk3FUP_WApGMM9i4-t9bwgxdllck\"}","time":1692700610058090000}
2023/08/22 18:36:54 {"callers":["/Users/mac/go/src/blog-service/main.go: 25 main.init.0"],"level":"info","message":"access log: method: POST, status_code: 200, begin_time: 1692700614, end_time: 1692700614","request":"","response":"{\"token\":\"eyJhbGciOiJIUzI1NiIsInR5cCI6IkpXVCJ9.eyJleHAiOjE2OTI3ODcwMTQsImlkIjoiN2M5NzI2NjMxNzBkNmJjMTg0ODRkMDViYzk4NzIyZjQiLCJuYW1lIjoiMjc1NjY4YmE2NTUwNDljZDczOWQxZDllNmIzMWNjZjEifQ.xcEKB86HAwHZn6TzVLBXhd9V7u7TCFbwvicP9E-mdKA\"}","time":1692700614009930000}
2023/08/22 18:37:18 {"callers":["/Users/mac/go/src/blog-service/main.go: 25 main.init.0"],"level":"info","message":"access log: method: POST, status_code: 401, begin_time: 1692700638, end_time: 1692700638","request":"{\"app_key\":\"eddycjy\",\"app_secret\":\"go-programming-tour-book\"}","response":"{\"code\":10000004,\"msg\":\"鉴权失败，Token 错误\"}","time":1692700638952815000}
2023/08/22 18:37:39 {"callers":["/Users/mac/go/src/blog-service/main.go: 25 main.init.0"],"level":"info","message":"access log: method: POST, status_code: 401, begin_time: 1692700659, end_time: 1692700659","request":"{\"app_key\":\"eddycjy\",\"app_secret\":\"go-programming-tour-book\"}","response":"{\"code\":10000004,\"msg\":\"鉴权失败，Token 错误\"}","time":1692700659091991000}
2023/08/22 18:40:45 {"callers":["/Users/mac/go/src/blog-service/main.go: 25 main.init.0"],"level":"info","message":"access log: method: POST, status_code: 401, begin_time: 1692700845, end_time: 1692700845","request":"","response":"{\"code\":10000004,\"msg\":\"鉴权失败，Token 错误\"}","time":1692700845473251000}
2023/08/22 18:40:58 {"callers":["/Users/mac/go/src/blog-service/main.go: 25 main.init.0"],"level":"error","message":"app.BindAndValid errs: EOF","time":1692700858940452000}
2023/08/22 18:40:58 {"callers":["/Users/mac/go/src/blog-service/main.go: 25 main.init.0"],"level":"info","message":"access log: method: POST, status_code: 400, begin_time: 1692700858, end_time: 1692700858","request":"","response":"{\"code\":10000001,\"details\":[\"EOF\"],\"msg\":\"入参错误\"}","time":1692700858940515000}
2023/08/22 18:41:42 {"callers":["/Users/mac/go/src/blog-service/main.go: 25 main.init.0"],"level":"error","message":"app.BindAndValid errs: EOF","time":1692700902321037000}
2023/08/22 18:41:42 {"callers":["/Users/mac/go/src/blog-service/main.go: 25 main.init.0"],"level":"info","message":"access log: method: POST, status_code: 400, begin_time: 1692700902, end_time: 1692700902","request":"","response":"{\"code\":10000001,\"details\":[\"EOF\"],\"msg\":\"入参错误\"}","time":1692700902321109000}
2023/08/22 18:41:47 {"callers":["/Users/mac/go/src/blog-service/main.go: 25 main.init.0"],"level":"info","message":"access log: method: POST, status_code: 401, begin_time: 1692700907, end_time: 1692700907","request":"","response":"{\"code\":10000004,\"msg\":\"鉴权失败，Token 错误\"}","time":1692700907559819000}
2023/08/22 18:42:02 {"callers":["/Users/mac/go/src/blog-service/main.go: 25 main.init.0"],"level":"info","message":"access log: method: POST, status_code: 401, begin_time: 1692700922, end_time: 1692700922","request":"","response":"{\"code\":10000004,\"msg\":\"鉴权失败，Token 错误\"}","time":1692700922131491000}
2023/08/22 18:42:04 {"callers":["/Users/mac/go/src/blog-service/main.go: 25 main.init.0"],"level":"info","message":"access log: method: POST, status_code: 401, begin_time: 1692700924, end_time: 1692700924","request":"","response":"{\"code\":10000004,\"msg\":\"鉴权失败，Token 错误\"}","time":1692700924956582000}
2023/08/22 18:42:07 {"callers":["/Users/mac/go/src/blog-service/main.go: 25 main.init.0"],"level":"error","message":"app.BindAndValid errs: EOF","time":1692700927891602000}
2023/08/22 18:42:07 {"callers":["/Users/mac/go/src/blog-service/main.go: 25 main.init.0"],"level":"info","message":"access log: method: POST, status_code: 400, begin_time: 1692700927, end_time: 1692700927","request":"","response":"{\"code\":10000001,\"details\":[\"EOF\"],\"msg\":\"入参错误\"}","time":1692700927891786000}
2023/08/22 18:42:21 {"callers":["/Users/mac/go/src/blog-service/main.go: 25 main.init.0"],"level":"info","message":"access log: method: POST, status_code: 200, begin_time: 1692700941, end_time: 1692700941","request":"","response":"{\"token\":\"eyJhbGciOiJIUzI1NiIsInR5cCI6IkpXVCJ9.eyJleHAiOjE2OTI3ODczNDEsImlkIjoiN2M5NzI2NjMxNzBkNmJjMTg0ODRkMDViYzk4NzIyZjQiLCJuYW1lIjoiMjc1NjY4YmE2NTUwNDljZDczOWQxZDllNmIzMWNjZjEifQ.0CjsaAVeR_fjhNFyf3NSK-ohvkhGHMAsk0tColQWE7g\"}","time":1692700941703544000}
2023/08/22 18:42:26 {"callers":["/Users/mac/go/src/blog-service/main.go: 25 main.init.0"],"level":"info","message":"access log: method: POST, status_code: 401, begin_time: 1692700946, end_time: 1692700946","request":"{\"app_key\":\"eddycjy\",\"app_secret\":\"go-programming-tour-book\"}","response":"{\"code\":10000004,\"msg\":\"鉴权失败，Token 错误\"}","time":1692700946331251000}
2023/08/22 18:42:38 {"callers":["/Users/mac/go/src/blog-service/main.go: 25 main.init.0"],"level":"info","message":"access log: method: POST, status_code: 200, begin_time: 1692700958, end_time: 1692700958","request":"","response":"{\"token\":\"eyJhbGciOiJIUzI1NiIsInR5cCI6IkpXVCJ9.eyJleHAiOjE2OTI3ODczNTgsImlkIjoiN2M5NzI2NjMxNzBkNmJjMTg0ODRkMDViYzk4NzIyZjQiLCJuYW1lIjoiMjc1NjY4YmE2NTUwNDljZDczOWQxZDllNmIzMWNjZjEifQ.QJ7s_woLXIFpWAxOWiUT6O0tnqwxnrA6LrjABElF9PQ\"}","time":1692700958744360000}
2023/08/22 18:48:36 {"callers":["/Users/mac/go/src/blog-service/main.go: 25 main.init.0"],"level":"error","message":"app.BindAndValid errs: EOF","time":1692701316733452000}
2023/08/22 18:48:36 {"callers":["/Users/mac/go/src/blog-service/main.go: 25 main.init.0"],"level":"info","message":"access log: method: POST, status_code: 400, begin_time: 1692701316, end_time: 1692701316","request":"{\"app_key\":\"eddycjy\",\"app_secret\":\"go-programming-tour-book\"}","response":"{\"code\":10000001,\"details\":[\"EOF\"],\"msg\":\"入参错误\"}","time":1692701316733754000}
2023/08/22 18:48:42 {"callers":["/Users/mac/go/src/blog-service/main.go: 25 main.init.0"],"level":"error","message":"app.BindAndValid errs: EOF","time":1692701322755263000}
2023/08/22 18:48:42 {"callers":["/Users/mac/go/src/blog-service/main.go: 25 main.init.0"],"level":"info","message":"access log: method: POST, status_code: 400, begin_time: 1692701322, end_time: 1692701322","request":"{\"app_key\":\"eddycjy\",\"app_secret\":\"go-programming-tour-book\"}","response":"{\"code\":10000001,\"details\":[\"EOF\"],\"msg\":\"入参错误\"}","time":1692701322755366000}
2023/08/22 18:48:49 {"callers":["/Users/mac/go/src/blog-service/main.go: 25 main.init.0"],"level":"info","message":"access log: method: POST, status_code: 401, begin_time: 1692701329, end_time: 1692701329","request":"{\"app_key\":\"eddycjy\",\"app_secret\":\"go-programming-tour-book\"}","response":"{\"code\":10000004,\"msg\":\"鉴权失败，Token 错误\"}","time":1692701329655762000}
2023/08/22 18:48:55 {"callers":["/Users/mac/go/src/blog-service/main.go: 25 main.init.0"],"level":"error","message":"app.BindAndValid errs: EOF","time":1692701335108824000}
2023/08/22 18:48:55 {"callers":["/Users/mac/go/src/blog-service/main.go: 25 main.init.0"],"level":"info","message":"access log: method: POST, status_code: 400, begin_time: 1692701335, end_time: 1692701335","request":"{\"app_key\":\"eddycjy\",\"app_secret\":\"go-programming-tour-book\"}","response":"{\"code\":10000001,\"details\":[\"EOF\"],\"msg\":\"入参错误\"}","time":1692701335108896000}
2023/08/22 18:49:05 {"callers":["/Users/mac/go/src/blog-service/main.go: 25 main.init.0"],"level":"error","message":"app.BindAndValid errs: EOF","time":1692701345211177000}
2023/08/22 18:49:05 {"callers":["/Users/mac/go/src/blog-service/main.go: 25 main.init.0"],"level":"info","message":"access log: method: POST, status_code: 400, begin_time: 1692701345, end_time: 1692701345","request":"{\"app_key\":\"eddycjy\",\"app_secret\":\"go-programming-tour-book\"}","response":"{\"code\":10000001,\"details\":[\"EOF\"],\"msg\":\"入参错误\"}","time":1692701345211313000}
2023/08/22 18:50:24 {"callers":["/Users/mac/go/src/blog-service/main.go: 25 main.init.0"],"level":"error","message":"app.BindAndValid errs: http: invalid Read on closed Body","time":1692701424865435000}
2023/08/22 18:50:24 {"callers":["/Users/mac/go/src/blog-service/main.go: 25 main.init.0"],"level":"info","message":"access log: method: POST, status_code: 400, begin_time: 1692701424, end_time: 1692701424","request":"{\"app_key\":\"eddycjy\",\"app_secret\":\"go-programming-tour-book\"}","response":"{\"code\":10000001,\"details\":[\"http: invalid Read on closed Body\"],\"msg\":\"入参错误\"}","time":1692701424865878000}
2023/08/22 18:50:33 {"callers":["/Users/mac/go/src/blog-service/main.go: 25 main.init.0"],"level":"error","message":"app.BindAndValid errs: http: invalid Read on closed Body","time":1692701433533556000}
2023/08/22 18:50:33 {"callers":["/Users/mac/go/src/blog-service/main.go: 25 main.init.0"],"level":"info","message":"access log: method: POST, status_code: 400, begin_time: 1692701433, end_time: 1692701433","request":"{\"app_key\":\"eddycjy\",\"app_secret\":\"go-programming-tour-book\"}","response":"{\"code\":10000001,\"details\":[\"http: invalid Read on closed Body\"],\"msg\":\"入参错误\"}","time":1692701433533647000}
2023/08/22 18:51:08 {"callers":["/Users/mac/go/src/blog-service/main.go: 25 main.init.0"],"level":"error","message":"app.BindAndValid errs: http: invalid Read on closed Body","time":1692701468587449000}
2023/08/22 18:51:08 {"callers":["/Users/mac/go/src/blog-service/main.go: 25 main.init.0"],"level":"info","message":"access log: method: POST, status_code: 400, begin_time: 1692701468, end_time: 1692701468","request":"{\"app_key\":\"eddycjy\",\"app_secret\":\"go-programming-tour-book\"}","response":"{\"code\":10000001,\"details\":[\"http: invalid Read on closed Body\"],\"msg\":\"入参错误\"}","time":1692701468587800000}
2023/08/22 18:51:10 {"callers":["/Users/mac/go/src/blog-service/main.go: 25 main.init.0"],"level":"error","message":"app.BindAndValid errs: http: invalid Read on closed Body","time":1692701470252702000}
2023/08/22 18:51:10 {"callers":["/Users/mac/go/src/blog-service/main.go: 25 main.init.0"],"level":"info","message":"access log: method: POST, status_code: 400, begin_time: 1692701470, end_time: 1692701470","request":"{\"app_key\":\"eddycjy\",\"app_secret\":\"go-programming-tour-book\"}","response":"{\"code\":10000001,\"details\":[\"http: invalid Read on closed Body\"],\"msg\":\"入参错误\"}","time":1692701470252798000}
2023/08/22 18:51:11 {"callers":["/Users/mac/go/src/blog-service/main.go: 25 main.init.0"],"level":"error","message":"app.BindAndValid errs: http: invalid Read on closed Body","time":1692701471907752000}
2023/08/22 18:51:11 {"callers":["/Users/mac/go/src/blog-service/main.go: 25 main.init.0"],"level":"info","message":"access log: method: POST, status_code: 400, begin_time: 1692701471, end_time: 1692701471","request":"{\"app_key\":\"eddycjy\",\"app_secret\":\"go-programming-tour-book\"}","response":"{\"code\":10000001,\"details\":[\"http: invalid Read on closed Body\"],\"msg\":\"入参错误\"}","time":1692701471907879000}
2023/08/22 18:51:24 {"callers":["/Users/mac/go/src/blog-service/main.go: 25 main.init.0"],"level":"error","message":"app.BindAndValid errs: EOF","time":1692701484827273000}
2023/08/22 18:51:24 {"callers":["/Users/mac/go/src/blog-service/main.go: 25 main.init.0"],"level":"info","message":"access log: method: POST, status_code: 400, begin_time: 1692701484, end_time: 1692701484","request":"{\"app_key\":\"eddycjy\",\"app_secret\":\"go-programming-tour-book\"}","response":"{\"code\":10000001,\"details\":[\"EOF\"],\"msg\":\"入参错误\"}","time":1692701484827675000}
2023/08/22 18:52:10 {"callers":["/Users/mac/go/src/blog-service/main.go: 25 main.init.0"],"level":"error","message":"app.BindAndValid errs: EOF","time":1692701530701480000}
2023/08/22 18:52:10 {"callers":["/Users/mac/go/src/blog-service/main.go: 25 main.init.0"],"level":"info","message":"access log: method: POST, status_code: 400, begin_time: 1692701530, end_time: 1692701530","request":"{\"app_key\":\"eddycjy\",\"app_secret\":\"go-programming-tour-book\"}","response":"{\"code\":10000001,\"details\":[\"EOF\"],\"msg\":\"入参错误\"}","time":1692701530702121000}
2023/08/22 18:53:15 {"callers":["/Users/mac/go/src/blog-service/main.go: 25 main.init.0"],"level":"info","message":"access log: method: POST, status_code: 200, begin_time: 1692701595, end_time: 1692701595","request":"","response":"{\"token\":\"eyJhbGciOiJIUzI1NiIsInR5cCI6IkpXVCJ9.eyJleHAiOjE2OTI3ODc5OTUsImlkIjoiN2M5NzI2NjMxNzBkNmJjMTg0ODRkMDViYzk4NzIyZjQiLCJuYW1lIjoiMjc1NjY4YmE2NTUwNDljZDczOWQxZDllNmIzMWNjZjEifQ.vVEFkcsoTnWd3GYoBJ1bS5MfOcqTeXjfgbloNOvwxbw\"}","time":1692701595281367000}
2023/08/22 18:53:22 {"callers":["/Users/mac/go/src/blog-service/main.go: 25 main.init.0"],"level":"info","message":"access log: method: POST, status_code: 401, begin_time: 1692701602, end_time: 1692701602","request":"","response":"{\"code\":10000004,\"msg\":\"鉴权失败，Token 错误\"}","time":1692701602198104000}
2023/08/22 18:53:36 {"callers":["/Users/mac/go/src/blog-service/main.go: 25 main.init.0"],"level":"info","message":"access log: method: POST, status_code: 401, begin_time: 1692701616, end_time: 1692701616","request":"","response":"{\"code\":10000004,\"msg\":\"鉴权失败，Token 错误\"}","time":1692701616571187000}
2023/08/22 18:54:05 {"callers":["/Users/mac/go/src/blog-service/main.go: 25 main.init.0"],"level":"info","message":"access log: method: POST, status_code: 200, begin_time: 1692701645, end_time: 1692701645","request":"","response":"{\"token\":\"eyJhbGciOiJIUzI1NiIsInR5cCI6IkpXVCJ9.eyJleHAiOjE2OTI3ODgwNDUsImlkIjoiN2M5NzI2NjMxNzBkNmJjMTg0ODRkMDViYzk4NzIyZjQiLCJuYW1lIjoiMjc1NjY4YmE2NTUwNDljZDczOWQxZDllNmIzMWNjZjEifQ.k3i19DY-4yl0h0xwdSlQCmniJG_694FUHpkmBUXC5Xw\"}","time":1692701645097065000}
2023/08/22 18:54:12 {"callers":["/Users/mac/go/src/blog-service/main.go: 25 main.init.0"],"level":"info","message":"access log: method: POST, status_code: 401, begin_time: 1692701652, end_time: 1692701652","request":"","response":"{\"code\":10000004,\"msg\":\"鉴权失败，Token 错误\"}","time":1692701652610323000}
2023/08/22 18:54:46 {"callers":["/Users/mac/go/src/blog-service/main.go: 25 main.init.0"],"level":"info","message":"access log: method: POST, status_code: 200, begin_time: 1692701686, end_time: 1692701686","request":"","response":"","time":1692701686287950000}
2023/08/22 18:54:53 {"callers":["/Users/mac/go/src/blog-service/main.go: 25 main.init.0"],"level":"info","message":"access log: method: POST, status_code: 200, begin_time: 1692701693, end_time: 1692701693","request":"","response":"","time":1692701693373235000}
2023/08/22 18:55:08 {"callers":["/Users/mac/go/src/blog-service/main.go: 25 main.init.0"],"level":"info","message":"access log: method: POST, status_code: 200, begin_time: 1692701708, end_time: 1692701708","request":"","response":"","time":1692701708972966000}
2023/08/22 18:55:21 {"callers":["/Users/mac/go/src/blog-service/main.go: 25 main.init.0"],"level":"info","message":"access log: method: POST, status_code: 200, begin_time: 1692701721, end_time: 1692701721","request":"","response":"","time":1692701721075942000}
2023/08/22 18:56:03 {"callers":["/Users/mac/go/src/blog-service/main.go: 25 main.init.0"],"level":"info","message":"access log: method: POST, status_code: 200, begin_time: 1692701763, end_time: 1692701763","request":"","response":"","time":1692701763685448000}
2023/08/22 18:56:05 {"callers":["/Users/mac/go/src/blog-service/main.go: 25 main.init.0"],"level":"info","message":"access log: method: POST, status_code: 200, begin_time: 1692701765, end_time: 1692701765","request":"","response":"","time":1692701765811534000}
2023/08/22 18:56:42 {"callers":["/Users/mac/go/src/blog-service/main.go: 25 main.init.0"],"level":"info","message":"access log: method: POST, status_code: 401, begin_time: 1692701802, end_time: 1692701802","request":"","response":"{\"code\":10000004,\"msg\":\"鉴权失败，Token 错误\"}","time":1692701802980304000}
2023/08/22 18:57:58 {"callers":["/Users/mac/go/src/blog-service/main.go: 25 main.init.0"],"level":"info","message":"access log: method: POST, status_code: 401, begin_time: 1692701878, end_time: 1692701878","request":"","response":"{\"code\":10000004,\"msg\":\"鉴权失败，Token 错误\"}","time":1692701878097274000}
2023/08/22 18:58:16 {"callers":["/Users/mac/go/src/blog-service/main.go: 25 main.init.0"],"level":"info","message":"access log: method: POST, status_code: 200, begin_time: 1692701896, end_time: 1692701896","request":"","response":"{\"token\":\"eyJhbGciOiJIUzI1NiIsInR5cCI6IkpXVCJ9.eyJleHAiOjE2OTI3ODgyOTYsImlkIjoiN2M5NzI2NjMxNzBkNmJjMTg0ODRkMDViYzk4NzIyZjQiLCJuYW1lIjoiMjc1NjY4YmE2NTUwNDljZDczOWQxZDllNmIzMWNjZjEifQ.VHT7oB_YhMH0lAhPQDSnwrQiNCgzdPO0jc8Pxv7mhtI\"}","time":1692701896855651000}
2023/08/22 18:58:54 {"callers":["/Users/mac/go/src/blog-service/main.go: 25 main.init.0"],"level":"info","message":"access log: method: POST, status_code: 200, begin_time: 1692701934, end_time: 1692701934","request":"","response":"{\"token\":\"eyJhbGciOiJIUzI1NiIsInR5cCI6IkpXVCJ9.eyJleHAiOjE2OTI3ODgzMzQsImlkIjoiN2M5NzI2NjMxNzBkNmJjMTg0ODRkMDViYzk4NzIyZjQiLCJuYW1lIjoiMjc1NjY4YmE2NTUwNDljZDczOWQxZDllNmIzMWNjZjEifQ.UroymYuvOohmMgfLHjltbDDr5UxX51Qb0l2D6iw8QiU\"}","time":1692701934179263000}
2023/08/22 18:58:59 {"callers":["/Users/mac/go/src/blog-service/main.go: 25 main.init.0"],"level":"info","message":"access log: method: POST, status_code: 401, begin_time: 1692701939, end_time: 1692701939","request":"","response":"{\"code\":10000004,\"msg\":\"鉴权失败，Token 错误\"}","time":1692701939081895000}
2023/08/22 18:59:46 {"callers":["/Users/mac/go/src/blog-service/main.go: 25 main.init.0"],"level":"info","message":"access log: method: POST, status_code: 200, begin_time: 1692701986, end_time: 1692701986","request":"","response":"{\"token\":\"eyJhbGciOiJIUzI1NiIsInR5cCI6IkpXVCJ9.eyJleHAiOjE2OTI3ODgzODYsImlkIjoiN2M5NzI2NjMxNzBkNmJjMTg0ODRkMDViYzk4NzIyZjQiLCJuYW1lIjoiMjc1NjY4YmE2NTUwNDljZDczOWQxZDllNmIzMWNjZjEifQ.qPI0cuEu38hcFs7wL4KYKzY17fhxR5CZmy8lY-T-6J8\"}","time":1692701986287129000}
2023/08/22 19:00:51 {"callers":["/Users/mac/go/src/blog-service/main.go: 25 main.init.0"],"level":"error","message":"app.BindAndValid errs: EOF","time":1692702051994055000}
2023/08/22 19:00:51 {"callers":["/Users/mac/go/src/blog-service/main.go: 25 main.init.0"],"level":"info","message":"access log: method: POST, status_code: 400, begin_time: 1692702051, end_time: 1692702051","request":"","response":"{\"code\":10000001,\"details\":[\"EOF\"],\"msg\":\"入参错误\"}","time":1692702051994486000}
2023/08/22 19:01:06 {"callers":["/Users/mac/go/src/blog-service/main.go: 25 main.init.0"],"level":"error","message":"app.BindAndValid errs: EOF","time":1692702066928201000}
2023/08/22 19:01:06 {"callers":["/Users/mac/go/src/blog-service/main.go: 25 main.init.0"],"level":"info","message":"access log: method: POST, status_code: 400, begin_time: 1692702066, end_time: 1692702066","request":"","response":"{\"code\":10000001,\"details\":[\"EOF\"],\"msg\":\"入参错误\"}","time":1692702066928554000}
2023/08/22 19:02:42 {"callers":["/Users/mac/go/src/blog-service/main.go: 25 main.init.0"],"level":"error","message":"app.BindAndValid errs: EOF","time":1692702162900808000}
2023/08/22 19:02:42 {"callers":["/Users/mac/go/src/blog-service/main.go: 25 main.init.0"],"level":"info","message":"access log: method: POST, status_code: 400, begin_time: 1692702162, end_time: 1692702162","request":"","response":"{\"code\":10000001,\"details\":[\"EOF\"],\"msg\":\"入参错误\"}","time":1692702162900915000}
2023/08/22 19:04:06 {"callers":["/Users/mac/go/src/blog-service/main.go: 25 main.init.0"],"level":"error","message":"app.BindAndValid errs: EOF","time":1692702246415971000}
2023/08/22 19:04:06 {"callers":["/Users/mac/go/src/blog-service/main.go: 25 main.init.0"],"level":"info","message":"access log: method: POST, status_code: 400, begin_time: 1692702246, end_time: 1692702246","request":"","response":"{\"code\":10000001,\"details\":[\"EOF\"],\"msg\":\"入参错误\"}","time":1692702246416366000}
2023/08/22 19:04:08 {"callers":["/Users/mac/go/src/blog-service/main.go: 25 main.init.0"],"level":"error","message":"app.BindAndValid errs: EOF","time":1692702248582663000}
2023/08/22 19:04:08 {"callers":["/Users/mac/go/src/blog-service/main.go: 25 main.init.0"],"level":"info","message":"access log: method: POST, status_code: 400, begin_time: 1692702248, end_time: 1692702248","request":"","response":"{\"code\":10000001,\"details\":[\"EOF\"],\"msg\":\"入参错误\"}","time":1692702248582760000}
2023/08/22 19:04:47 {"callers":["/Users/mac/go/src/blog-service/main.go: 25 main.init.0"],"level":"error","message":"app.BindAndValid errs: EOF","time":1692702287631001000}
2023/08/22 19:04:47 {"callers":["/Users/mac/go/src/blog-service/main.go: 25 main.init.0"],"level":"info","message":"access log: method: POST, status_code: 400, begin_time: 1692702287, end_time: 1692702287","request":"","response":"{\"code\":10000001,\"details\":[\"EOF\"],\"msg\":\"入参错误\"}","time":1692702287631448000}
2023/08/22 19:05:29 {"callers":["/Users/mac/go/src/blog-service/main.go: 25 main.init.0"],"level":"error","message":"app.BindAndValid errs: EOF","time":1692702329564726000}
2023/08/22 19:05:29 {"callers":["/Users/mac/go/src/blog-service/main.go: 25 main.init.0"],"level":"info","message":"access log: method: POST, status_code: 400, begin_time: 1692702329, end_time: 1692702329","request":"","response":"{\"code\":10000001,\"details\":[\"EOF\"],\"msg\":\"入参错误\"}","time":1692702329564849000}
2023/08/22 19:06:42 {"callers":["/Users/mac/go/src/blog-service/main.go: 25 main.init.0"],"level":"error","message":"app.BindAndValid errs: EOF","time":1692702402019391000}
2023/08/22 19:06:42 {"callers":["/Users/mac/go/src/blog-service/main.go: 25 main.init.0"],"level":"info","message":"access log: method: POST, status_code: 400, begin_time: 1692702402, end_time: 1692702402","request":"","response":"{\"code\":10000001,\"details\":[\"EOF\"],\"msg\":\"入参错误\"}","time":1692702402019793000}
2023/08/22 19:10:22 {"callers":["/Users/mac/go/src/blog-service/main.go: 25 main.init.0"],"level":"info","message":"access log: method: POST, status_code: 200, begin_time: 1692702622, end_time: 1692702622","request":"","response":"{\"token\":\"eyJhbGciOiJIUzI1NiIsInR5cCI6IkpXVCJ9.eyJleHAiOjE2OTI3ODkwMjIsImlkIjoiN2M5NzI2NjMxNzBkNmJjMTg0ODRkMDViYzk4NzIyZjQiLCJuYW1lIjoiMjc1NjY4YmE2NTUwNDljZDczOWQxZDllNmIzMWNjZjEifQ.91-uqlxTf3JC4GNlua7JUR3G4gLJDCObqa_ZjmeQhrM\"}","time":1692702622029101000}
2023/08/22 19:10:51 {"callers":["/Users/mac/go/src/blog-service/main.go: 25 main.init.0"],"level":"info","message":"access log: method: POST, status_code: 200, begin_time: 1692702651, end_time: 1692702651","request":"{\"app_key\":\"eddycjy\",\"app_secret\":\"go-programming-tour-book\"}","response":"{\"token\":\"eyJhbGciOiJIUzI1NiIsInR5cCI6IkpXVCJ9.eyJleHAiOjE2OTI3ODkwNTEsImlkIjoiN2M5NzI2NjMxNzBkNmJjMTg0ODRkMDViYzk4NzIyZjQiLCJuYW1lIjoiMjc1NjY4YmE2NTUwNDljZDczOWQxZDllNmIzMWNjZjEifQ.Dq91dhMklopOHumvRqsI7fa2nnaj5b4-nNXeuuSoDCU\"}","time":1692702651803018000}
2023/08/22 19:11:10 {"callers":["/Users/mac/go/src/blog-service/main.go: 25 main.init.0"],"level":"info","message":"access log: method: POST, status_code: 200, begin_time: 1692702670, end_time: 1692702670","request":"----------------------------145076100611148715119940\r\nContent-Disposition: form-data; name=\"asdasd\"\r\n\r\nasdasd\r\n----------------------------145076100611148715119940--\r\n","response":"","time":1692702670053385000}
2023/08/22 19:11:40 {"callers":["/Users/mac/go/src/blog-service/main.go: 25 main.init.0"],"level":"info","message":"access log: method: POST, status_code: 200, begin_time: 1692702700, end_time: 1692702700","request":"{\"asd\":\"asdasd\"}","response":"","time":1692702700941213000}
2023/08/22 19:12:17 {"callers":["/Users/mac/go/src/blog-service/main.go: 25 main.init.0"],"level":"info","message":"access log: method: POST, status_code: 200, begin_time: 1692702737, end_time: 1692702737","request":"{\"asd\":\"asdasd\"}","response":"","time":1692702737525618000}
2023/08/22 19:12:21 {"callers":["/Users/mac/go/src/blog-service/main.go: 25 main.init.0"],"level":"info","message":"access log: method: POST, status_code: 200, begin_time: 1692702741, end_time: 1692702741","request":"{\"app_key\":\"eddycjy\",\"app_secret\":\"go-programming-tour-book\"}","response":"{\"token\":\"eyJhbGciOiJIUzI1NiIsInR5cCI6IkpXVCJ9.eyJleHAiOjE2OTI3ODkxNDEsImlkIjoiN2M5NzI2NjMxNzBkNmJjMTg0ODRkMDViYzk4NzIyZjQiLCJuYW1lIjoiMjc1NjY4YmE2NTUwNDljZDczOWQxZDllNmIzMWNjZjEifQ.08cInCh4xMaPgOdMrDuxSfAio7MfL93EH7c8zZfD6zI\"}","time":1692702741395001000}
2023/08/22 19:13:16 {"callers":["/Users/mac/go/src/blog-service/main.go: 25 main.init.0"],"level":"info","message":"access log: method: POST, status_code: 200, begin_time: 1692702796, end_time: 1692702796","request":"{\"app_key\":\"eddycjy\",\"app_secret\":\"go-programming-tour-book\"}","response":"{\"token\":\"eyJhbGciOiJIUzI1NiIsInR5cCI6IkpXVCJ9.eyJleHAiOjE2OTI3ODkxOTYsImlkIjoiN2M5NzI2NjMxNzBkNmJjMTg0ODRkMDViYzk4NzIyZjQiLCJuYW1lIjoiMjc1NjY4YmE2NTUwNDljZDczOWQxZDllNmIzMWNjZjEifQ.Jw4kKo47LdLj-xb4I2xBPHDhnxOiGvHCTzE5hP6R7ao\"}","time":1692702796443259000}
2023/08/23 11:25:37 {"callers":["/Users/mac/go/src/blog-service/main.go: 25 main.init.0"],"level":"info","message":"access log: method: POST, status_code: 200, begin_time: 1692761137, end_time: 1692761137","request":"{\"app_key\":\"eddycjy\",\"app_secret\":\"go-programming-tour-book\"}","response":"{\"token\":\"eyJhbGciOiJIUzI1NiIsInR5cCI6IkpXVCJ9.eyJleHAiOjE2OTI4NDc1MzcsImlkIjoiN2M5NzI2NjMxNzBkNmJjMTg0ODRkMDViYzk4NzIyZjQiLCJuYW1lIjoiMjc1NjY4YmE2NTUwNDljZDczOWQxZDllNmIzMWNjZjEifQ.7Sc5ovMtGb7P2JST_gNnlV8SDqWKA9ZO0J8zjPk6BDc\"}","time":1692761137121172000}
2023/08/23 11:28:33 {"callers":["/Users/mac/go/src/blog-service/pkg/logger/logger.go: 93 blog-service/pkg/logger.(*Logger).WithCallersFrames","/Users/mac/go/src/blog-service/internal/middleware/recovery.go: 25 blog-service/internal/middleware.Recovery.func1.1","/usr/local/opt/go/libexec/src/runtime/panic.go: 884 runtime.gopanic","/Users/mac/go/src/blog-service/internal/routers/api/auth.go: 12 blog-service/internal/routers/api.GetAuth","/Users/mac/go/pkg/mod/github.com/gin-gonic/gin@v1.9.1/context.go: 174 github.com/gin-gonic/gin.(*Context).Next","/Users/mac/go/src/blog-service/internal/middleware/context_timeout.go: 15 blog-service/internal/middleware.ContextTimeout.func1","/Users/mac/go/pkg/mod/github.com/gin-gonic/gin@v1.9.1/context.go: 174 github.com/gin-gonic/gin.(*Context).Next","/Users/mac/go/src/blog-service/internal/middleware/limiter.go: 23 blog-service/internal/middleware.RateLimiter.func1","/Users/mac/go/pkg/mod/github.com/gin-gonic/gin@v1.9.1/context.go: 174 github.com/gin-gonic/gin.(*Context).Next","/Users/mac/go/src/blog-service/internal/middleware/recovery.go: 40 blog-service/internal/middleware.Recovery.func1","/Users/mac/go/pkg/mod/github.com/gin-gonic/gin@v1.9.1/context.go: 174 github.com/gin-gonic/gin.(*Context).Next","/Users/mac/go/src/blog-service/internal/middleware/access_log.go: 33 blog-service/internal/middleware.AccessLog.func1","/Users/mac/go/pkg/mod/github.com/gin-gonic/gin@v1.9.1/context.go: 174 github.com/gin-gonic/gin.(*Context).Next","/Users/mac/go/pkg/mod/github.com/gin-gonic/gin@v1.9.1/gin.go: 620 github.com/gin-gonic/gin.(*Engine).handleHTTPRequest","/Users/mac/go/pkg/mod/github.com/gin-gonic/gin@v1.9.1/gin.go: 576 github.com/gin-gonic/gin.(*Engine).ServeHTTP","/usr/local/opt/go/libexec/src/net/http/server.go: 2936 net/http.serverHandler.ServeHTTP","/usr/local/opt/go/libexec/src/net/http/server.go: 1995 net/http.(*conn).serve"],"level":"error","message":"panic recover err: 11","time":1692761313344034000}
2023/08/23 11:28:34 {"callers":["/Users/mac/go/src/blog-service/main.go: 25 main.init.0"],"level":"info","message":"access log: method: POST, status_code: 500, begin_time: 1692761313, end_time: 1692761314","request":"{\"app_key\":\"eddycjy\",\"app_secret\":\"go-programming-tour-book\"}","response":"{\"code\":10000000,\"msg\":\"服务内部错误\"}","time":1692761314449340000}
2023/08/23 11:29:22 {"callers":["/Users/mac/go/src/blog-service/pkg/logger/logger.go: 93 blog-service/pkg/logger.(*Logger).WithCallersFrames","/Users/mac/go/src/blog-service/internal/middleware/recovery.go: 25 blog-service/internal/middleware.Recovery.func1.1","/usr/local/opt/go/libexec/src/runtime/panic.go: 884 runtime.gopanic","/Users/mac/go/src/blog-service/internal/routers/api/auth.go: 12 blog-service/internal/routers/api.GetAuth","/Users/mac/go/pkg/mod/github.com/gin-gonic/gin@v1.9.1/context.go: 174 github.com/gin-gonic/gin.(*Context).Next","/Users/mac/go/src/blog-service/internal/middleware/context_timeout.go: 15 blog-service/internal/middleware.ContextTimeout.func1","/Users/mac/go/pkg/mod/github.com/gin-gonic/gin@v1.9.1/context.go: 174 github.com/gin-gonic/gin.(*Context).Next","/Users/mac/go/src/blog-service/internal/middleware/limiter.go: 23 blog-service/internal/middleware.RateLimiter.func1","/Users/mac/go/pkg/mod/github.com/gin-gonic/gin@v1.9.1/context.go: 174 github.com/gin-gonic/gin.(*Context).Next","/Users/mac/go/src/blog-service/internal/middleware/recovery.go: 40 blog-service/internal/middleware.Recovery.func1","/Users/mac/go/pkg/mod/github.com/gin-gonic/gin@v1.9.1/context.go: 174 github.com/gin-gonic/gin.(*Context).Next","/Users/mac/go/src/blog-service/internal/middleware/access_log.go: 33 blog-service/internal/middleware.AccessLog.func1","/Users/mac/go/pkg/mod/github.com/gin-gonic/gin@v1.9.1/context.go: 174 github.com/gin-gonic/gin.(*Context).Next","/Users/mac/go/pkg/mod/github.com/gin-gonic/gin@v1.9.1/gin.go: 620 github.com/gin-gonic/gin.(*Engine).handleHTTPRequest","/Users/mac/go/pkg/mod/github.com/gin-gonic/gin@v1.9.1/gin.go: 576 github.com/gin-gonic/gin.(*Engine).ServeHTTP","/usr/local/opt/go/libexec/src/net/http/server.go: 2936 net/http.serverHandler.ServeHTTP","/usr/local/opt/go/libexec/src/net/http/server.go: 1995 net/http.(*conn).serve"],"level":"error","message":"panic recover err: 11","time":1692761362923131000}
2023/08/23 11:29:23 {"callers":["/Users/mac/go/src/blog-service/main.go: 25 main.init.0"],"level":"info","message":"access log: method: POST, status_code: 500, begin_time: 1692761362, end_time: 1692761363","request":"{\"app_key\":\"eddycjy\",\"app_secret\":\"go-programming-tour-book\"}","response":"{\"code\":10000000,\"msg\":\"服务内部错误\"}","time":1692761363912922000}
2023/08/23 18:44:28 {"callers":["/Users/mac/go/src/blog-service/main.go: 25 main.init.0"],"level":"info","message":"access log: method: POST, status_code: 200, begin_time: 1692787468, end_time: 1692787468","request":"{\"app_key\":\"eddycjy\",\"app_secret\":\"go-programming-tour-book\"}","response":"{\"token\":\"eyJhbGciOiJIUzI1NiIsInR5cCI6IkpXVCJ9.eyJleHAiOjE2OTI4NzM4NjgsImlkIjoiN2M5NzI2NjMxNzBkNmJjMTg0ODRkMDViYzk4NzIyZjQiLCJuYW1lIjoiMjc1NjY4YmE2NTUwNDljZDczOWQxZDllNmIzMWNjZjEifQ.kKsyX6xYxisuFcbnSULEghpsQCmcjaB9fiUU06-u6ZI\"}","time":1692787468822498000}
